<?xml version="1.0" encoding="UTF-8"?>
<testng-results ignored="0" total="1" passed="1" failed="0" skipped="0">
  <reporter-output>
  </reporter-output>
  <suite started-at="2022-02-02T17:05:59 IST" name="Default suite" finished-at="2022-02-02T17:06:10 IST" duration-ms="10301">
    <groups>
    </groups>
    <test started-at="2022-02-02T17:05:59 IST" name="Default test" finished-at="2022-02-02T17:06:10 IST" duration-ms="10301">
      <class name="TestCases.loginTestCase">
        <test-method is-config="true" signature="openapp()[pri:0, instance:TestCases.loginTestCase@bd4dc25]" started-at="2022-02-02T17:05:59 IST" name="openapp" finished-at="2022-02-02T17:06:09 IST" duration-ms="9959" status="PASS">
          <reporter-output>
          </reporter-output>
        </test-method> <!-- openapp -->
        <test-method signature="login()[pri:0, instance:TestCases.loginTestCase@bd4dc25]" started-at="2022-02-02T17:06:09 IST" name="login" finished-at="2022-02-02T17:06:10 IST" duration-ms="126" status="PASS">
          <reporter-output>
          </reporter-output>
        </test-method> <!-- login -->
        <test-method is-config="true" signature="teardown()[pri:0, instance:TestCases.loginTestCase@bd4dc25]" started-at="2022-02-02T17:06:10 IST" name="teardown" finished-at="2022-02-02T17:06:10 IST" duration-ms="182" status="PASS">
          <reporter-output>
          </reporter-output>
        </test-method> <!-- teardown -->
      </class> <!-- TestCases.loginTestCase -->
    </test> <!-- Default test -->
  </suite> <!-- Default suite -->
</testng-results>
